2021/09/22 09:20:13 RPC server on port 12345
2021/09/22 09:22:21 RPC server on port 12345
2021/09/22 09:22:23 PUT: key:id-sensor-0 value:60.466029 timestamp:2021-09-22 09:22:23.176018083 -0400 EDT m=+2.023489914 
2021/09/22 09:22:23 PUT: key:id-sensor-1 value:66.456005 timestamp:2021-09-22 09:22:23.175996741 -0400 EDT m=+2.023468573 
2021/09/22 09:22:23 PUT: key:id-sensor-2 value:94.050909 timestamp:2021-09-22 09:22:23.17605534 -0400 EDT m=+2.023527171 
2021/09/22 09:22:28 APPEND: key:id-sensor-0 value:60.466029
68.682307 timestamp:2021-09-22 09:22:28.232902307 -0400 EDT m=+7.080374254 
2021/09/22 09:22:28 APPEND: key:id-sensor-1 value:66.456005
42.463750 timestamp:2021-09-22 09:22:28.233314143 -0400 EDT m=+7.080786054 
2021/09/22 09:22:28 APPEND: key:id-sensor-2 value:94.050909
43.771419 timestamp:2021-09-22 09:22:28.233348006 -0400 EDT m=+7.080819937 
2021/09/22 09:22:33 APPEND: key:id-sensor-1 value:66.456005
42.463750
15.651925 timestamp:2021-09-22 09:22:33.228990306 -0400 EDT m=+12.076462155 
2021/09/22 09:22:33 APPEND: key:id-sensor-2 value:94.050909
43.771419
6.563702 timestamp:2021-09-22 09:22:33.229182877 -0400 EDT m=+12.076654728 
2021/09/22 09:22:33 APPEND: key:id-sensor-0 value:60.466029
68.682307
9.696952 timestamp:2021-09-22 09:22:33.229182879 -0400 EDT m=+12.076654733 
2021/09/22 09:22:38 APPEND: key:id-sensor-0 value:60.466029
68.682307
9.696952
51.521263 timestamp:2021-09-22 09:22:38.261553046 -0400 EDT m=+17.109024898 
2021/09/22 09:22:38 APPEND: key:id-sensor-2 value:94.050909
43.771419
6.563702
81.363996 timestamp:2021-09-22 09:22:38.261553048 -0400 EDT m=+17.109024896 
2021/09/22 09:22:38 APPEND: key:id-sensor-1 value:66.456005
42.463750
15.651925
30.091186 timestamp:2021-09-22 09:22:38.261780412 -0400 EDT m=+17.109252268 
